<?xml version="1.0" encoding="UTF-8"?>
<testng-results skipped="0" failed="0" total="3" passed="3">
  <reporter-output>
  </reporter-output>
  <suite name="Command line suite" duration-ms="57464" started-at="2019-05-23T16:04:53Z" finished-at="2019-05-23T16:05:51Z">
    <groups>
    </groups>
    <test name="Command line test" duration-ms="57464" started-at="2019-05-23T16:04:53Z" finished-at="2019-05-23T16:05:51Z">
      <class name="cz.mendelu.wedding.GiftDaoTest">
        <test-method status="PASS" signature="springTestContextBeforeTestClass()[pri:0, instance:cz.mendelu.wedding.GiftDaoTest@26a7b76d]" name="springTestContextBeforeTestClass" is-config="true" duration-ms="13" started-at="2019-05-23T18:04:53Z" finished-at="2019-05-23T18:04:53Z">
          <reporter-output>
          </reporter-output>
        </test-method> <!-- springTestContextBeforeTestClass -->
        <test-method status="PASS" signature="springTestContextPrepareTestInstance()[pri:0, instance:cz.mendelu.wedding.GiftDaoTest@26a7b76d]" name="springTestContextPrepareTestInstance" is-config="true" duration-ms="54280" started-at="2019-05-23T18:04:53Z" depends-on-methods="org.springframework.test.context.testng.AbstractTestNGSpringContextTests.springTestContextBeforeTestClass" finished-at="2019-05-23T18:05:48Z">
          <reporter-output>
          </reporter-output>
        </test-method> <!-- springTestContextPrepareTestInstance -->
        <test-method status="PASS" signature="springTestContextBeforeTestMethod(java.lang.reflect.Method)[pri:0, instance:cz.mendelu.wedding.GiftDaoTest@26a7b76d]" name="springTestContextBeforeTestMethod" is-config="true" duration-ms="712" started-at="2019-05-23T18:05:48Z" finished-at="2019-05-23T18:05:48Z">
          <params>
            <param index="0">
              <value>
                <![CDATA[public void cz.mendelu.wedding.GiftDaoTest.testSave()]]>
              </value>
            </param>
          </params>
          <reporter-output>
          </reporter-output>
        </test-method> <!-- springTestContextBeforeTestMethod -->
        <test-method status="PASS" signature="testSave()[pri:0, instance:cz.mendelu.wedding.GiftDaoTest@26a7b76d]" name="testSave" duration-ms="345" started-at="2019-05-23T18:05:48Z" finished-at="2019-05-23T18:05:49Z">
          <reporter-output>
          </reporter-output>
        </test-method> <!-- testSave -->
        <test-method status="PASS" signature="springTestContextAfterTestMethod(java.lang.reflect.Method)[pri:0, instance:cz.mendelu.wedding.GiftDaoTest@26a7b76d]" name="springTestContextAfterTestMethod" is-config="true" duration-ms="133" started-at="2019-05-23T18:05:49Z" finished-at="2019-05-23T18:05:49Z">
          <params>
            <param index="0">
              <value>
                <![CDATA[public void cz.mendelu.wedding.GiftDaoTest.testSave()]]>
              </value>
            </param>
          </params>
          <reporter-output>
          </reporter-output>
        </test-method> <!-- springTestContextAfterTestMethod -->
        <test-method status="PASS" signature="springTestContextBeforeTestMethod(java.lang.reflect.Method)[pri:0, instance:cz.mendelu.wedding.GiftDaoTest@26a7b76d]" name="springTestContextBeforeTestMethod" is-config="true" duration-ms="459" started-at="2019-05-23T18:05:49Z" finished-at="2019-05-23T18:05:49Z">
          <params>
            <param index="0">
              <value>
                <![CDATA[public void cz.mendelu.wedding.GiftDaoTest.testSaveWithGuest()]]>
              </value>
            </param>
          </params>
          <reporter-output>
          </reporter-output>
        </test-method> <!-- springTestContextBeforeTestMethod -->
        <test-method status="PASS" signature="testSaveWithGuest()[pri:0, instance:cz.mendelu.wedding.GiftDaoTest@26a7b76d]" name="testSaveWithGuest" duration-ms="485" started-at="2019-05-23T18:05:49Z" finished-at="2019-05-23T18:05:50Z">
          <reporter-output>
          </reporter-output>
        </test-method> <!-- testSaveWithGuest -->
        <test-method status="PASS" signature="springTestContextAfterTestMethod(java.lang.reflect.Method)[pri:0, instance:cz.mendelu.wedding.GiftDaoTest@26a7b76d]" name="springTestContextAfterTestMethod" is-config="true" duration-ms="117" started-at="2019-05-23T18:05:50Z" finished-at="2019-05-23T18:05:50Z">
          <params>
            <param index="0">
              <value>
                <![CDATA[public void cz.mendelu.wedding.GiftDaoTest.testSaveWithGuest()]]>
              </value>
            </param>
          </params>
          <reporter-output>
          </reporter-output>
        </test-method> <!-- springTestContextAfterTestMethod -->
        <test-method status="PASS" signature="springTestContextAfterTestClass()[pri:0, instance:cz.mendelu.wedding.GiftDaoTest@26a7b76d]" name="springTestContextAfterTestClass" is-config="true" duration-ms="0" started-at="2019-05-23T18:05:50Z" finished-at="2019-05-23T18:05:50Z">
          <reporter-output>
          </reporter-output>
        </test-method> <!-- springTestContextAfterTestClass -->
      </class> <!-- cz.mendelu.wedding.GiftDaoTest -->
      <class name="cz.mendelu.wedding.GuestDaoTest">
        <test-method status="PASS" signature="springTestContextBeforeTestClass()[pri:0, instance:cz.mendelu.wedding.GuestDaoTest@25af5db5]" name="springTestContextBeforeTestClass" is-config="true" duration-ms="1" started-at="2019-05-23T18:05:50Z" finished-at="2019-05-23T18:05:50Z">
          <reporter-output>
          </reporter-output>
        </test-method> <!-- springTestContextBeforeTestClass -->
        <test-method status="PASS" signature="springTestContextPrepareTestInstance()[pri:0, instance:cz.mendelu.wedding.GuestDaoTest@25af5db5]" name="springTestContextPrepareTestInstance" is-config="true" duration-ms="4" started-at="2019-05-23T18:05:50Z" depends-on-methods="org.springframework.test.context.testng.AbstractTestNGSpringContextTests.springTestContextBeforeTestClass" finished-at="2019-05-23T18:05:50Z">
          <reporter-output>
          </reporter-output>
        </test-method> <!-- springTestContextPrepareTestInstance -->
        <test-method status="PASS" signature="springTestContextBeforeTestMethod(java.lang.reflect.Method)[pri:0, instance:cz.mendelu.wedding.GuestDaoTest@25af5db5]" name="springTestContextBeforeTestMethod" is-config="true" duration-ms="502" started-at="2019-05-23T18:05:50Z" finished-at="2019-05-23T18:05:50Z">
          <params>
            <param index="0">
              <value>
                <![CDATA[public void cz.mendelu.wedding.GuestDaoTest.testSave()]]>
              </value>
            </param>
          </params>
          <reporter-output>
          </reporter-output>
        </test-method> <!-- springTestContextBeforeTestMethod -->
        <test-method status="PASS" signature="testSave()[pri:0, instance:cz.mendelu.wedding.GuestDaoTest@25af5db5]" name="testSave" duration-ms="277" started-at="2019-05-23T18:05:50Z" finished-at="2019-05-23T18:05:51Z">
          <reporter-output>
          </reporter-output>
        </test-method> <!-- testSave -->
        <test-method status="PASS" signature="springTestContextAfterTestMethod(java.lang.reflect.Method)[pri:0, instance:cz.mendelu.wedding.GuestDaoTest@25af5db5]" name="springTestContextAfterTestMethod" is-config="true" duration-ms="123" started-at="2019-05-23T18:05:51Z" finished-at="2019-05-23T18:05:51Z">
          <params>
            <param index="0">
              <value>
                <![CDATA[public void cz.mendelu.wedding.GuestDaoTest.testSave()]]>
              </value>
            </param>
          </params>
          <reporter-output>
          </reporter-output>
        </test-method> <!-- springTestContextAfterTestMethod -->
        <test-method status="PASS" signature="springTestContextAfterTestClass()[pri:0, instance:cz.mendelu.wedding.GuestDaoTest@25af5db5]" name="springTestContextAfterTestClass" is-config="true" duration-ms="0" started-at="2019-05-23T18:05:51Z" finished-at="2019-05-23T18:05:51Z">
          <reporter-output>
          </reporter-output>
        </test-method> <!-- springTestContextAfterTestClass -->
      </class> <!-- cz.mendelu.wedding.GuestDaoTest -->
    </test> <!-- Command line test -->
  </suite> <!-- Command line suite -->
</testng-results>
