<?xml version="1.0" encoding="UTF-8"?>
<!-- Generated by org.testng.reporters.JUnitXMLReporter -->
<testsuite hostname="Olda-MacBook-Pro.local" name="Command line test" tests="3" failures="0" timestamp="23 May 2019 16:05:51 GMT" time="57.464" errors="0">
  <testcase name="testSave" time="0.345" classname="cz.mendelu.wedding.GiftDaoTest"/>
  <testcase name="testSaveWithGuest" time="0.485" classname="cz.mendelu.wedding.GiftDaoTest"/>
  <testcase name="testSave" time="0.277" classname="cz.mendelu.wedding.GuestDaoTest"/>
</testsuite> <!-- Command line test -->
